{"numTotalTestSuites":22,"numPassedTestSuites":20,"numFailedTestSuites":2,"numPendingTestSuites":0,"numTotalTests":24,"numPassedTests":23,"numFailedTests":1,"numPendingTests":0,"numTodoTests":0,"snapshot":{"added":0,"failure":false,"filesAdded":0,"filesRemoved":0,"filesRemovedList":[],"filesUnmatched":0,"filesUpdated":0,"matched":0,"total":0,"unchecked":0,"uncheckedKeysByFile":[],"unmatched":0,"updated":0,"didUpdate":false},"startTime":1776646291512,"success":false,"testResults":[{"assertionResults":[{"ancestorTitles":["Integration: payment tagging flow"],"fullName":"Integration: payment tagging flow records payment and marks request as paid","status":"passed","title":"records payment and marks request as paid","duration":4388.671599999998,"failureMessages":[],"meta":{},"tags":[]}],"startTime":1776646303709,"endTime":1776646308097.6716,"status":"passed","message":"","name":"C:/Users/Princess Janine/Desktop/THESIS/certify/frontend/src/test/integration/payment-flow.test.jsx"},{"assertionResults":[{"ancestorTitles":["Integration: request processing flow"],"fullName":"Integration: request processing flow moves approved requests to PROCESSING from Checking","status":"passed","title":"moves approved requests to PROCESSING from Checking","duration":2688.6459000000013,"failureMessages":[],"meta":{},"tags":[]},{"ancestorTitles":["Integration: request processing flow"],"fullName":"Integration: request processing flow moves PROCESSING request to FOR_RELEASING in Tracker","status":"passed","title":"moves PROCESSING request to FOR_RELEASING in Tracker","duration":657.8939000000009,"failureMessages":[],"meta":{},"tags":[]}],"startTime":1776646303875,"endTime":1776646307221.8938,"status":"passed","message":"","name":"C:/Users/Princess Janine/Desktop/THESIS/certify/frontend/src/test/integration/processing-flow.test.jsx"},{"assertionResults":[{"ancestorTitles":["Integration: release flow"],"fullName":"Integration: release flow marks request as RELEASED from Ready page","status":"passed","title":"marks request as RELEASED from Ready page","duration":2468.5998,"failureMessages":[],"meta":{},"tags":[]}],"startTime":1776646303875,"endTime":1776646306343.5999,"status":"passed","message":"","name":"C:/Users/Princess Janine/Desktop/THESIS/certify/frontend/src/test/integration/release-flow.test.jsx"},{"assertionResults":[{"ancestorTitles":["certifyRequestGuard"],"fullName":"certifyRequestGuard accepts explicit certificate request types","status":"passed","title":"accepts explicit certificate request types","duration":5.3123000000014144,"failureMessages":[],"meta":{},"tags":[]},{"ancestorTitles":["certifyRequestGuard"],"fullName":"certifyRequestGuard blocks non-certificate request types even when status is valid","status":"passed","title":"blocks non-certificate request types even when status is valid","duration":1.1677999999992608,"failureMessages":[],"meta":{},"tags":[]},{"ancestorTitles":["certifyRequestGuard"],"fullName":"certifyRequestGuard falls back to certificate fields for existing certify records","status":"passed","title":"falls back to certificate fields for existing certify records","duration":0.8654000000005908,"failureMessages":[],"meta":{},"tags":[]},{"ancestorTitles":["certifyRequestGuard"],"fullName":"certifyRequestGuard filters mixed request collections","status":"passed","title":"filters mixed request collections","duration":2.1001000000014756,"failureMessages":[],"meta":{},"tags":[]}],"startTime":1776646314795,"endTime":1776646314805.1,"status":"passed","message":"","name":"C:/Users/Princess Janine/Desktop/THESIS/certify/frontend/src/utils/__tests__/certifyRequestGuard.test.js"},{"assertionResults":[{"ancestorTitles":["GlobalPrintQueue"],"fullName":"GlobalPrintQueue restores a saved position from local storage","status":"passed","title":"restores a saved position from local storage","duration":415.1967000000004,"failureMessages":[],"meta":{},"tags":[]},{"ancestorTitles":["GlobalPrintQueue"],"fullName":"GlobalPrintQueue updates the queue position when dragged","status":"failed","title":"updates the queue position when dragged","duration":39.356700000000274,"failureMessages":["TestingLibraryElementError: Unable to find an element with the text: Printing Queue. This could be because the text is broken up by multiple elements. In this case, you can provide a function for your text matcher to make your matcher more flexible.\n\nIgnored nodes: comments, script, style\n\u001b[36m<body>\u001b[39m\n  \u001b[36m<div>\u001b[39m\n    \u001b[36m<div\u001b[39m\n      \u001b[33mclass\u001b[39m=\u001b[32m\"fixed z-40 w-[min(22rem,calc(100vw-1.5rem))]\"\u001b[39m\n      \u001b[33mdata-testid\u001b[39m=\u001b[32m\"global-print-queue\"\u001b[39m\n      \u001b[33mstyle\u001b[39m=\u001b[32m\"right: 16px; bottom: 16px;\"\u001b[39m\n    \u001b[36m>\u001b[39m\n      \u001b[36m<div\u001b[39m\n        \u001b[33mclass\u001b[39m=\u001b[32m\"overflow-hidden rounded-2xl border border-gray-200 bg-white/95 shadow-[0_18px_45px_rgba(15,23,42,0.18)] backdrop-blur\"\u001b[39m\n      \u001b[36m>\u001b[39m\n        \u001b[36m<div\u001b[39m\n          \u001b[33mclass\u001b[39m=\u001b[32m\"flex w-full cursor-move items-center justify-between gap-3 px-4 py-3 text-left transition-colors hover:bg-gray-50/80\"\u001b[39m\n          \u001b[33mstyle\u001b[39m=\u001b[32m\"touch-action: none;\"\u001b[39m\n        \u001b[36m>\u001b[39m\n          \u001b[36m<div\u001b[39m\n            \u001b[33mclass\u001b[39m=\u001b[32m\"flex min-w-0 items-center gap-3\"\u001b[39m\n          \u001b[36m>\u001b[39m\n            \u001b[36m<span\u001b[39m\n              \u001b[33mclass\u001b[39m=\u001b[32m\"flex h-10 w-10 shrink-0 items-center justify-center rounded-full bg-[#fff1f3] text-[#ee1133]\"\u001b[39m\n            \u001b[36m>\u001b[39m\n              \u001b[36m<svg\u001b[39m\n                \u001b[33mfill\u001b[39m=\u001b[32m\"currentColor\"\u001b[39m\n                \u001b[33mheight\u001b[39m=\u001b[32m\"16\"\u001b[39m\n                \u001b[33mstroke\u001b[39m=\u001b[32m\"currentColor\"\u001b[39m\n                \u001b[33mstroke-width\u001b[39m=\u001b[32m\"0\"\u001b[39m\n                \u001b[33mviewBox\u001b[39m=\u001b[32m\"0 0 16 16\"\u001b[39m\n                \u001b[33mwidth\u001b[39m=\u001b[32m\"16\"\u001b[39m\n                \u001b[33mxmlns\u001b[39m=\u001b[32m\"http://www.w3.org/2000/svg\"\u001b[39m\n              \u001b[36m>\u001b[39m\n                \u001b[36m<path\u001b[39m\n                  \u001b[33md\u001b[39m=\u001b[32m\"M2.5 8a.5.5 0 1 0 0-1 .5.5 0 0 0 0 1\"\u001b[39m\n                \u001b[36m/>\u001b[39m\n                \u001b[36m<path\u001b[39m\n                  \u001b[33md\u001b[39m=\u001b[32m\"M5 1a2 2 0 0 0-2 2v2H2a2 2 0 0 0-2 2v3a2 2 0 0 0 2 2h1v1a2 2 0 0 0 2 2h6a2 2 0 0 0 2-2v-1h1a2 2 0 0 0 2-2V7a2 2 0 0 0-2-2h-1V3a2 2 0 0 0-2-2zM4 3a1 1 0 0 1 1-1h6a1 1 0 0 1 1 1v2H4zm1 5a2 2 0 0 0-2 2v1H2a1 1 0 0 1-1-1V7a1 1 0 0 1 1-1h12a1 1 0 0 1 1 1v3a1 1 0 0 1-1 1h-1v-1a2 2 0 0 0-2-2zm7 2v3a1 1 0 0 1-1 1H5a1 1 0 0 1-1-1v-3a1 1 0 0 1 1-1h6a1 1 0 0 1 1 1\"\u001b[39m\n                \u001b[36m/>\u001b[39m\n              \u001b[36m</svg>\u001b[39m\n            \u001b[36m</span>\u001b[39m\n            \u001b[36m<div\u001b[39m\n              \u001b[33mclass\u001b[39m=\u001b[32m\"min-w-0\"\u001b[39m\n            \u001b[36m>\u001b[39m\n              \u001b[36m<div\u001b[39m\n                \u001b[33mclass\u001b[39m=\u001b[32m\"text-[11px] font-semibold uppercase tracking-[0.24em] text-gray-400\"\u001b[39m\n              \u001b[36m>\u001b[39m\n                \u001b[0mPrint Job Status\u001b[0m\n              \u001b[36m</div>\u001b[39m\n              \u001b[36m<div\u001b[39m\n                \u001b[33mclass\u001b[39m=\u001b[32m\"truncate text-sm font-semibold text-gray-800\"\u001b[39m\n              \u001b[36m>\u001b[39m\n                \u001b[0mQueue is clear\u001b[0m\n              \u001b[36m</div>\u001b[39m\n              \u001b[36m<div\u001b[39m\n                \u001b[33mclass\u001b[39m=\u001b[32m\"truncate text-xs text-gray-500\"\u001b[39m\n              \u001b[36m>\u001b[39m\n                \u001b[0mNo pending print jobs\u001b[0m\n              \u001b[36m</div>\u001b[39m\n            \u001b[36m</div>\u001b[39m\n          \u001b[36m</div>\u001b[39m\n          \u001b[36m<div\u001b[39m\n            \u001b[33mclass\u001b[39m=\u001b[32m\"flex items-center gap-2\"\u001b[39m\n          \u001b[36m>\u001b[39m\n            \u001b[36m<span\u001b[39m\n              \u001b[33mclass\u001b[39m=\u001b[32m\"rounded-full bg-gray-100 px-2.5 py-1 text-[11px] font-medium text-gray-500\"\u001b[39m\n            \u001b[36m>\u001b[39m\n              \u001b[0mClear\u001b[0m\n            \u001b[36m</span>\u001b[39m\n            \u001b[36m<button\u001b[39m\n              \u001b[33maria-label\u001b[39m=\u001b[32m\"Minimize printing queue\"\u001b[39m\n              \u001b[33mclass\u001b[39m=\u001b[32m\"rounded-full p-1 text-gray-400 transition-colors hover:bg-gray-100 hover:text-gray-600\"\u001b[39m\n              \u001b[33mtype\u001b[39m=\u001b[32m\"button\"\u001b[39m\n            \u001b[36m>\u001b[39m\n              \u001b[36m<svg\u001b[39m\n                \u001b[33mclass\u001b[39m=\u001b[32m\"text-inherit\"\u001b[39m\n                \u001b[33mfill\u001b[39m=\u001b[32m\"currentColor\"\u001b[39m\n                \u001b[33mheight\u001b[39m=\u001b[32m\"14\"\u001b[39m\n                \u001b[33mstroke\u001b[39m=\u001b[32m\"currentColor\"\u001b[39m\n                \u001b[33mstroke-width\u001b[39m=\u001b[32m\"0\"\u001b[39m\n                \u001b[33mviewBox\u001b[39m=\u001b[32m\"0 0 16 16\"\u001b[39m\n                \u001b[33mwidth\u001b[39m=\u001b[32m\"14\"\u001b[39m\n                \u001b[33mxmlns\u001b[39m=\u001b[32m\"http://www.w3.org/2000/svg\"\u001b[39m\n              \u001b[36m>\u001b[39m\n                \u001b[36m<path\u001b[39m\n                  \u001b[33md\u001b[39m=\u001b[32m\"M2 8a.5.5 0 0 1 .5-.5h11a.5.5 0 0 1 0 1h-11A.5.5 0 0 1 2 8\"\u001b[39m\n                  \u001b[33mfill-rule\u001b[39m=\u001b[32m\"evenodd\"\u001b[39m\n                \u001b[36m/>\u001b[39m\n              \u001b[36m</svg>\u001b[39m\n            \u001b[36m</button>\u001b[39m\n          \u001b[36m</div>\u001b[39m\n        \u001b[36m</div>\u001b[39m\n        \u001b[36m<div\u001b[39m\n          \u001b[33mclass\u001b[39m=\u001b[32m\"border-t border-gray-100 px-4 pb-4 pt-1\"\u001b[39m\n        \u001b[36m>\u001b[39m\n          \u001b[36m<p\u001b[39m\n            \u001b[33mclass\u001b[39m=\u001b[32m\"text-xs text-green-600\"\u001b[39m\n          \u001b[36m>\u001b[39m\n            \u001b[0mAll releasable certificates are already printed.\u001b[0m\n          \u001b[36m</p>\u001b[39m\n          \u001b[36m<div\u001b[39m\n            \u001b[33mclass\u001b[39m=\u001b[32m\"mt-3 grid grid-cols-3 gap-2 text-center\"\u001b[39m\n          \u001b[36m>\u001b[39m\n            \u001b[36m<div\u001b[39m\n              \u001b[33mclass\u001b[39m=\u001b[32m\"rounded-xl bg-gray-50 px-2 py-2\"\u001b[39m\n            \u001b[36m>\u001b[39m\n              \u001b[36m<div\u001b[39m\n                \u001b[33mclass\u001b[39m=\u001b[32m\"text-[10px] uppercase tracking-wide text-gray-400\"\u001b[39m\n              \u001b[36m>\u001b[39m\n                \u001b[0mPending\u001b[0m\n              \u001b[36m</div>\u001b[39m\n              \u001b[36m<div\u001b[39m\n                \u001b[33mclass\u001b[39m=\u001b[32m\"mt-1 text-sm font-semibold text-gray-800\"\u001b[39m\n              \u001b[36m>\u001b[39m\n                \u001b[0m0\u001b[0m\n              \u001b[36m</div>\u001b[39m\n            \u001b[36m</div>\u001b[39m\n            \u001b[36m<div\u001b[39m\n              \u001b[33mclass\u001b[39m=\u001b[32m\"rounded-xl bg-gray-50 px-2 py-2\"\u001b[39m\n            \u001b[36m>\u001b[39m\n              \u001b[36m<div\u001b[39m\n                \u001b[33mclass\u001b[39m=\u001b[32m\"text-[10px] uppercase tracking-wide text-gray-400\"\u001b[39m\n              \u001b[36m>\u001b[39m\n                \u001b[0mPrinted\u001b[0m\n              \u001b[36m</div>\u001b[39m\n              \u001b[36m<div\u001b[39m\n                \u001b[33mclass\u001b[39m=\u001b[32m\"mt-1 text-sm font-semibold text-gray-800\"\u001b[39m\n              \u001b[36m>\u001b[39m\n                \u001b[0m0\u001b[0m\n              \u001b[36m</div>\u001b[39m\n            \u001b[36m</div>\u001b[39m\n            \u001b[36m<div\u001b[39m\n              \u001b[33mclass\u001b[39m=\u001b[32m\"rounded-xl bg-gray-50 px-2 py-2\"\u001b[39m\n            \u001b[36m>\u001b[39m\n              \u001b[36m<div\u001b[39m\n                \u001b[33mclass\u001b[39m=\u001b[32m\"text-[10px] uppercase tracking-wide text-gray-400\"\u001b[39m\n              \u001b[36m>\u001b[39m\n                \u001b[0mLatest Batch\u001b[0m\n              \u001b[36m</div>\u001b[39m\n              \u001b[36m<div\u001b[39m\n                \u001b[33mclass\u001b[39m=\u001b[32m\"mt-1 text-sm font-semibold text-gray-800\"\u001b[39m\n              \u001b[36m>\u001b[39m\n                \u001b[0m--\u001b[0m\n              \u001b[36m</div>\u001b[39m\n            \u001b[36m</div>\u001b[39m\n          \u001b[36m</div>\u001b[39m\n          \u001b[36m<div\u001b[39m\n            \u001b[33mclass\u001b[39m=\u001b[32m\"mt-3 flex items-center justify-between text-[11px] text-gray-400\"\u001b[39m\n          \u001b[36m>\u001b[39m\n            \u001b[36m<span>\u001b[39m\n              \u001b[0mAvailable across Certify pages\u001b[0m\n            \u001b[36m</span>\u001b[39m\n            \u001b[36m<span>\u001b[39m\n              \u001b[0mNo pending print jobs\u001b[0m\n            \u001b[36m</span>\u001b[39m\n          \u001b[36m</div>\u001b[39m\n        \u001b[36m</div>\u001b[39m\n      \u001b[36m</div>\u001b[39m\n    \u001b[36m</div>\u001b[39m\n  \u001b[36m</div>\u001b[39m\n\u001b[36m</body>\u001b[39m\n    at Object.getElementError (C:\\Users\\Princess Janine\\Desktop\\THESIS\\certify\\frontend\\node_modules\\@testing-library\\dom\\dist\\config.js:37:19)\n    at C:\\Users\\Princess Janine\\Desktop\\THESIS\\certify\\frontend\\node_modules\\@testing-library\\dom\\dist\\query-helpers.js:76:38\n    at C:\\Users\\Princess Janine\\Desktop\\THESIS\\certify\\frontend\\node_modules\\@testing-library\\dom\\dist\\query-helpers.js:52:17\n    at C:\\Users\\Princess Janine\\Desktop\\THESIS\\certify\\frontend\\node_modules\\@testing-library\\dom\\dist\\query-helpers.js:95:19\n    at C:/Users/Princess Janine/Desktop/THESIS/certify/frontend/src/components/common/__tests__/global_print_queue.test.jsx:86:31\n    at file:///C:/Users/Princess%20Janine/Desktop/THESIS/certify/frontend/node_modules/@vitest/runner/dist/chunk-artifact.js:302:11\n    at file:///C:/Users/Princess%20Janine/Desktop/THESIS/certify/frontend/node_modules/@vitest/runner/dist/chunk-artifact.js:1903:26\n    at file:///C:/Users/Princess%20Janine/Desktop/THESIS/certify/frontend/node_modules/@vitest/runner/dist/chunk-artifact.js:2326:20\n    at new Promise (<anonymous>)\n    at runWithCancel (file:///C:/Users/Princess%20Janine/Desktop/THESIS/certify/frontend/node_modules/@vitest/runner/dist/chunk-artifact.js:2323:10)"],"meta":{},"tags":[]}],"startTime":1776646315095,"endTime":1776646315549.3567,"status":"failed","message":"","name":"C:/Users/Princess Janine/Desktop/THESIS/certify/frontend/src/components/common/__tests__/global_print_queue.test.jsx"},{"assertionResults":[{"ancestorTitles":["RequestModal"],"fullName":"RequestModal renders null when no request","status":"passed","title":"renders null when no request","duration":141.22119999999995,"failureMessages":[],"meta":{},"tags":[]},{"ancestorTitles":["RequestModal"],"fullName":"RequestModal adds suggested decline note from validation flags","status":"passed","title":"adds suggested decline note from validation flags","duration":1729.8066999999992,"failureMessages":[],"meta":{},"tags":[]},{"ancestorTitles":["RequestModal"],"fullName":"RequestModal requires course selection before approving course description","status":"passed","title":"requires course selection before approving course description","duration":992.6155999999992,"failureMessages":[],"meta":{},"tags":[]},{"ancestorTitles":["RequestModal"],"fullName":"RequestModal sends rejection email for rejected request","status":"passed","title":"sends rejection email for rejected request","duration":384.47520000000077,"failureMessages":[],"meta":{},"tags":[]}],"startTime":1776646302859,"endTime":1776646306107.475,"status":"passed","message":"","name":"C:/Users/Princess Janine/Desktop/THESIS/certify/frontend/src/components/common/__tests__/requestModal.test.jsx"},{"assertionResults":[{"ancestorTitles":["OdrNewRequest"],"fullName":"OdrNewRequest submits a non-certificate document request without certificate_type_id","status":"passed","title":"submits a non-certificate document request without certificate_type_id","duration":2820.4444999999996,"failureMessages":[],"meta":{},"tags":[]}],"startTime":1776646302759,"endTime":1776646305579.4446,"status":"passed","message":"","name":"C:/Users/Princess Janine/Desktop/THESIS/certify/frontend/src/pages/odr/__tests__/odr_new_request.test.jsx"},{"assertionResults":[{"ancestorTitles":["Checking page"],"fullName":"Checking page shows empty state when no approved requests","status":"passed","title":"shows empty state when no approved requests","duration":528.9489000000012,"failureMessages":[],"meta":{},"tags":[]},{"ancestorTitles":["Checking page"],"fullName":"Checking page processes approved requests in bulk","status":"passed","title":"processes approved requests in bulk","duration":2586.8756999999987,"failureMessages":[],"meta":{},"tags":[]}],"startTime":1776646303087,"endTime":1776646306203.8757,"status":"passed","message":"","name":"C:/Users/Princess Janine/Desktop/THESIS/certify/frontend/src/pages/certify/__tests__/checking.test.jsx"},{"assertionResults":[{"ancestorTitles":["Ready page"],"fullName":"Ready page shows empty state when no requests","status":"passed","title":"shows empty state when no requests","duration":536.3649999999998,"failureMessages":[],"meta":{},"tags":[]},{"ancestorTitles":["Ready page"],"fullName":"Ready page sends ready email when wet signature enabled","status":"passed","title":"sends ready email when wet signature enabled","duration":2396.455,"failureMessages":[],"meta":{},"tags":[]},{"ancestorTitles":["Ready page"],"fullName":"Ready page marks request as released after ready email sent","status":"passed","title":"marks request as released after ready email sent","duration":616.4014999999999,"failureMessages":[],"meta":{},"tags":[]},{"ancestorTitles":["Ready page"],"fullName":"Ready page downloads certificate when preview is opened","status":"passed","title":"downloads certificate when preview is opened","duration":607.9814000000006,"failureMessages":[],"meta":{},"tags":[]}],"startTime":1776646303085,"endTime":1776646307241.9814,"status":"passed","message":"","name":"C:/Users/Princess Janine/Desktop/THESIS/certify/frontend/src/pages/certify/__tests__/ready.test.jsx"},{"assertionResults":[{"ancestorTitles":["Tracker page"],"fullName":"Tracker page shows empty state when no requests","status":"passed","title":"shows empty state when no requests","duration":252.7515000000003,"failureMessages":[],"meta":{},"tags":[]},{"ancestorTitles":["Tracker page"],"fullName":"Tracker page moves approved request to processing","status":"passed","title":"moves approved request to processing","duration":576.1088,"failureMessages":[],"meta":{},"tags":[]}],"startTime":1776646315211,"endTime":1776646316039.109,"status":"passed","message":"","name":"C:/Users/Princess Janine/Desktop/THESIS/certify/frontend/src/pages/certify/__tests__/tracker.test.jsx"},{"assertionResults":[{"ancestorTitles":["Payment tagging page"],"fullName":"Payment tagging page shows empty state when no requests","status":"passed","title":"shows empty state when no requests","duration":221.09389999999985,"failureMessages":[],"meta":{},"tags":[]}],"startTime":1776646315133,"endTime":1776646315354.094,"status":"passed","message":"","name":"C:/Users/Princess Janine/Desktop/THESIS/certify/frontend/src/pages/certify/cashier/__tests__/payment.test.jsx"}]}