{"numTotalTestSuites":16,"numPassedTestSuites":16,"numFailedTestSuites":0,"numPendingTestSuites":0,"numTotalTests":17,"numPassedTests":17,"numFailedTests":0,"numPendingTests":0,"numTodoTests":0,"snapshot":{"added":0,"failure":false,"filesAdded":0,"filesRemoved":0,"filesRemovedList":[],"filesUnmatched":0,"filesUpdated":0,"matched":0,"total":0,"unchecked":0,"uncheckedKeysByFile":[],"unmatched":0,"updated":0,"didUpdate":false},"startTime":1776009090201,"success":true,"testResults":[{"assertionResults":[{"ancestorTitles":["Integration: payment tagging flow"],"fullName":"Integration: payment tagging flow records payment and marks request as paid","status":"passed","title":"records payment and marks request as paid","duration":3608.040000000001,"failureMessages":[],"meta":{},"tags":[]}],"startTime":1776009100473,"endTime":1776009104081.04,"status":"passed","message":"","name":"C:/Users/Princess Janine/Desktop/THESIS/certify/frontend/src/test/integration/payment-flow.test.jsx"},{"assertionResults":[{"ancestorTitles":["Integration: request processing flow"],"fullName":"Integration: request processing flow moves approved requests to PROCESSING from Checking","status":"passed","title":"moves approved requests to PROCESSING from Checking","duration":2556.1016,"failureMessages":[],"meta":{},"tags":[]},{"ancestorTitles":["Integration: request processing flow"],"fullName":"Integration: request processing flow moves PROCESSING request to FOR_RELEASING in Tracker","status":"passed","title":"moves PROCESSING request to FOR_RELEASING in Tracker","duration":462.40920000000006,"failureMessages":[],"meta":{},"tags":[]}],"startTime":1776009100631,"endTime":1776009103649.4092,"status":"passed","message":"","name":"C:/Users/Princess Janine/Desktop/THESIS/certify/frontend/src/test/integration/processing-flow.test.jsx"},{"assertionResults":[{"ancestorTitles":["Integration: release flow"],"fullName":"Integration: release flow marks request as RELEASED from Ready page","status":"passed","title":"marks request as RELEASED from Ready page","duration":2371.5067,"failureMessages":[],"meta":{},"tags":[]}],"startTime":1776009100537,"endTime":1776009102908.5066,"status":"passed","message":"","name":"C:/Users/Princess Janine/Desktop/THESIS/certify/frontend/src/test/integration/release-flow.test.jsx"},{"assertionResults":[{"ancestorTitles":["RequestModal"],"fullName":"RequestModal renders null when no request","status":"passed","title":"renders null when no request","duration":63.02819999999883,"failureMessages":[],"meta":{},"tags":[]},{"ancestorTitles":["RequestModal"],"fullName":"RequestModal adds suggested decline note from validation flags","status":"passed","title":"adds suggested decline note from validation flags","duration":1579.866899999999,"failureMessages":[],"meta":{},"tags":[]},{"ancestorTitles":["RequestModal"],"fullName":"RequestModal requires course selection before approving course description","status":"passed","title":"requires course selection before approving course description","duration":790.7631999999994,"failureMessages":[],"meta":{},"tags":[]},{"ancestorTitles":["RequestModal"],"fullName":"RequestModal sends rejection email for rejected request","status":"passed","title":"sends rejection email for rejected request","duration":265.14500000000044,"failureMessages":[],"meta":{},"tags":[]}],"startTime":1776009100017,"endTime":1776009102716.145,"status":"passed","message":"","name":"C:/Users/Princess Janine/Desktop/THESIS/certify/frontend/src/components/common/__tests__/requestModal.test.jsx"},{"assertionResults":[{"ancestorTitles":["Checking page"],"fullName":"Checking page shows empty state when no approved requests","status":"passed","title":"shows empty state when no approved requests","duration":489.6821999999993,"failureMessages":[],"meta":{},"tags":[]},{"ancestorTitles":["Checking page"],"fullName":"Checking page processes approved requests in bulk","status":"passed","title":"processes approved requests in bulk","duration":2166.9192999999996,"failureMessages":[],"meta":{},"tags":[]}],"startTime":1776009100142,"endTime":1776009102798.9192,"status":"passed","message":"","name":"C:/Users/Princess Janine/Desktop/THESIS/certify/frontend/src/pages/certify/__tests__/checking.test.jsx"},{"assertionResults":[{"ancestorTitles":["Ready page"],"fullName":"Ready page shows empty state when no requests","status":"passed","title":"shows empty state when no requests","duration":402.3186000000005,"failureMessages":[],"meta":{},"tags":[]},{"ancestorTitles":["Ready page"],"fullName":"Ready page sends ready email when wet signature enabled","status":"passed","title":"sends ready email when wet signature enabled","duration":2333.9102999999996,"failureMessages":[],"meta":{},"tags":[]},{"ancestorTitles":["Ready page"],"fullName":"Ready page marks request as released after ready email sent","status":"passed","title":"marks request as released after ready email sent","duration":379.03129999999874,"failureMessages":[],"meta":{},"tags":[]},{"ancestorTitles":["Ready page"],"fullName":"Ready page downloads certificate when preview is opened","status":"passed","title":"downloads certificate when preview is opened","duration":354.6917999999987,"failureMessages":[],"meta":{},"tags":[]}],"startTime":1776009099809,"endTime":1776009103278.692,"status":"passed","message":"","name":"C:/Users/Princess Janine/Desktop/THESIS/certify/frontend/src/pages/certify/__tests__/ready.test.jsx"},{"assertionResults":[{"ancestorTitles":["Tracker page"],"fullName":"Tracker page shows empty state when no requests","status":"passed","title":"shows empty state when no requests","duration":410.3672999999999,"failureMessages":[],"meta":{},"tags":[]},{"ancestorTitles":["Tracker page"],"fullName":"Tracker page moves approved request to processing","status":"passed","title":"moves approved request to processing","duration":1892.4550999999992,"failureMessages":[],"meta":{},"tags":[]}],"startTime":1776009100022,"endTime":1776009102325.455,"status":"passed","message":"","name":"C:/Users/Princess Janine/Desktop/THESIS/certify/frontend/src/pages/certify/__tests__/tracker.test.jsx"},{"assertionResults":[{"ancestorTitles":["Payment tagging page"],"fullName":"Payment tagging page shows empty state when no requests","status":"passed","title":"shows empty state when no requests","duration":151.0630000000001,"failureMessages":[],"meta":{},"tags":[]}],"startTime":1776009107132,"endTime":1776009107283.063,"status":"passed","message":"","name":"C:/Users/Princess Janine/Desktop/THESIS/certify/frontend/src/pages/certify/cashier/__tests__/payment.test.jsx"}]}